2022-01-03 14:34:23,633 [Worker-0: Loading available Gradle versions] INFO  o.e.b.c.i.u.g.PublishedGradleVersions - Gradle version information cache is out-of-date. Trying to update.
2022-01-03 14:34:26,026 [Worker-0: Loading available Gradle versions] INFO  o.e.b.c.i.u.g.PublishedGradleVersions - Updating Gradle version information cache failed. Using outdated cache.
2022-01-03 15:00:46,402 [ModalContext] INFO  o.e.m.c.i.e.AbstractTransferListenerAdapter - Downloading https://repo1.maven.org/maven2/com/github/bjlhx15/maven-archetypes-webapp/0.0.2/maven-archetypes-webapp-0.0.2.jar
2022-01-03 15:00:46,986 [ModalContext] INFO  o.e.m.c.i.e.AbstractTransferListenerAdapter - Downloaded https://repo1.maven.org/maven2/com/github/bjlhx15/maven-archetypes-webapp/0.0.2/maven-archetypes-webapp-0.0.2.jar
2022-01-03 15:00:47,091 [ModalContext] INFO  o.e.m.c.i.e.AbstractTransferListenerAdapter - Downloading https://repo1.maven.org/maven2/com/github/bjlhx15/maven-archetypes-webapp/0.0.2/maven-archetypes-webapp-0.0.2.pom
2022-01-03 15:00:47,153 [ModalContext] INFO  o.e.m.c.i.e.AbstractTransferListenerAdapter - Downloaded https://repo1.maven.org/maven2/com/github/bjlhx15/maven-archetypes-webapp/0.0.2/maven-archetypes-webapp-0.0.2.pom
2022-01-03 15:02:43,649 [Worker-23: Creating maven-archetypes-webapp] INFO  o.e.m.c.i.p.ProjectConfigurationManager - Collecting project info '/pom.xml' /home/adrien/Cours/M1/ASI/Projets/monProjet/pom.xml
2022-01-03 15:02:43,649 [Worker-23: Creating maven-archetypes-webapp] INFO  o.e.m.c.i.p.ProjectConfigurationManager - Collecting project info 'monProjet-common/pom.xml' /home/adrien/Cours/M1/ASI/Projets/monProjet/monProjet-common/pom.xml
2022-01-03 15:02:43,649 [Worker-23: Creating maven-archetypes-webapp] INFO  o.e.m.c.i.p.ProjectConfigurationManager - Collecting project info 'monProjet-dao/pom.xml' /home/adrien/Cours/M1/ASI/Projets/monProjet/monProjet-dao/pom.xml
2022-01-03 15:02:43,649 [Worker-23: Creating maven-archetypes-webapp] INFO  o.e.m.c.i.p.ProjectConfigurationManager - Collecting project info 'monProjet-service/pom.xml' /home/adrien/Cours/M1/ASI/Projets/monProjet/monProjet-service/pom.xml
2022-01-03 15:02:43,649 [Worker-23: Creating maven-archetypes-webapp] INFO  o.e.m.c.i.p.ProjectConfigurationManager - Collecting project info 'monProjet-web/pom.xml' /home/adrien/Cours/M1/ASI/Projets/monProjet/monProjet-web/pom.xml
2022-01-03 15:02:43,649 [Worker-23: Creating maven-archetypes-webapp] INFO  o.e.m.c.i.p.ProjectConfigurationManager - Collecting project info 'monProjet-model/pom.xml' /home/adrien/Cours/M1/ASI/Projets/monProjet/monProjet-model/pom.xml
2022-01-03 15:02:43,649 [Worker-23: Creating maven-archetypes-webapp] INFO  o.e.m.c.i.p.ProjectConfigurationManager - Collecting project info 'monProjet-generator/pom.xml' /home/adrien/Cours/M1/ASI/Projets/monProjet/monProjet-generator/pom.xml
2022-01-03 15:02:46,427 [Worker-23: Creating maven-archetypes-webapp] INFO  o.e.m.c.i.e.AbstractTransferListenerAdapter - Downloading https://repo.maven.apache.org/maven2/org/springframework/boot/spring-boot-maven-plugin/maven-metadata.xml
2022-01-03 15:02:46,844 [Worker-23: Creating maven-archetypes-webapp] INFO  o.e.m.c.i.e.AbstractTransferListenerAdapter - Downloaded https://repo.maven.apache.org/maven2/org/springframework/boot/spring-boot-maven-plugin/maven-metadata.xml
2022-01-03 15:02:47,134 [Worker-23: Creating maven-archetypes-webapp] INFO  o.e.m.c.i.e.AbstractTransferListenerAdapter - Downloading https://repo.maven.apache.org/maven2/org/springframework/boot/spring-boot-maven-plugin/2.6.2/spring-boot-maven-plugin-2.6.2.pom
2022-01-03 15:02:47,246 [Worker-23: Creating maven-archetypes-webapp] INFO  o.e.m.c.i.e.AbstractTransferListenerAdapter - Downloaded https://repo.maven.apache.org/maven2/org/springframework/boot/spring-boot-maven-plugin/2.6.2/spring-boot-maven-plugin-2.6.2.pom
2022-01-03 15:02:47,439 [Worker-23: Creating maven-archetypes-webapp] INFO  o.e.m.c.i.e.AbstractTransferListenerAdapter - Downloading https://repo.maven.apache.org/maven2/org/springframework/boot/spring-boot-maven-plugin/2.6.2/spring-boot-maven-plugin-2.6.2.jar
2022-01-03 15:02:47,864 [Worker-23: Creating maven-archetypes-webapp] INFO  o.e.m.c.i.e.AbstractTransferListenerAdapter - Downloaded https://repo.maven.apache.org/maven2/org/springframework/boot/spring-boot-maven-plugin/2.6.2/spring-boot-maven-plugin-2.6.2.jar
2022-01-03 15:02:47,894 [Worker-23: Creating maven-archetypes-webapp] INFO  o.e.m.c.i.l.LifecycleMappingFactory - Using NULL lifecycle mapping for MavenProject: com.github.bjlhx15.test:demo:0.0.1-SNAPSHOT @ /home/adrien/Cours/M1/ASI/Projets/demo/pom.xml.
2022-01-03 15:02:47,959 [Worker-23: Creating maven-archetypes-webapp] INFO  o.e.m.c.i.p.ProjectConfigurationManager - Imported and configured 7 project(s) in 4 sec
2022-01-03 15:04:55,778 [Worker-22: reload maven project] ERROR o.e.m.c.i.p.r.ProjectRegistryManager - Failed to read Maven project: Some problems were encountered while processing the POMs:
[WARNING] 'parent.relativePath' of POM com.github.bjlhx15.test:monProjet-web:0.0.1-SNAPSHOT (/home/adrien/Cours/M1/ASI/Projets/demo/monProjet-web/pom.xml) points at com.github.bjlhx15.test:demo instead of com.github.bjlhx15.test:monProjet, please verify your project structure @ line 7, column 13
[FATAL] Non-resolvable parent POM for com.github.bjlhx15.test:monProjet-web:0.0.1-SNAPSHOT: Could not find artifact com.github.bjlhx15.test:monProjet:pom:0.0.1-SNAPSHOT and 'parent.relativePath' points at wrong local POM @ line 7, column 13

org.apache.maven.project.ProjectBuildingException: Some problems were encountered while processing the POMs:
[WARNING] 'parent.relativePath' of POM com.github.bjlhx15.test:monProjet-web:0.0.1-SNAPSHOT (/home/adrien/Cours/M1/ASI/Projets/demo/monProjet-web/pom.xml) points at com.github.bjlhx15.test:demo instead of com.github.bjlhx15.test:monProjet, please verify your project structure @ line 7, column 13
[FATAL] Non-resolvable parent POM for com.github.bjlhx15.test:monProjet-web:0.0.1-SNAPSHOT: Could not find artifact com.github.bjlhx15.test:monProjet:pom:0.0.1-SNAPSHOT and 'parent.relativePath' points at wrong local POM @ line 7, column 13

	at org.eclipse.m2e.core.internal.embedder.MavenImpl.readMavenProjects(MavenImpl.java:676)
	at org.eclipse.m2e.core.internal.project.registry.ProjectRegistryManager.lambda$13(ProjectRegistryManager.java:870)
	at org.eclipse.m2e.core.internal.embedder.MavenExecutionContext.executeBare(MavenExecutionContext.java:179)
	at org.eclipse.m2e.core.internal.embedder.MavenExecutionContext.execute(MavenExecutionContext.java:153)
	at org.eclipse.m2e.core.internal.embedder.MavenExecutionContext.execute(MavenExecutionContext.java:101)
	at org.eclipse.m2e.core.internal.project.registry.ProjectRegistryManager.execute(ProjectRegistryManager.java:1028)
	at org.eclipse.m2e.core.internal.project.registry.ProjectRegistryManager.readProjectsWithDependencies(ProjectRegistryManager.java:866)
	at org.eclipse.m2e.core.internal.project.registry.ProjectRegistryManager.create(ProjectRegistryManager.java:210)
	at org.eclipse.m2e.core.internal.project.registry.MavenProjectManager.create(MavenProjectManager.java:81)
	at org.eclipse.m2e.core.ui.internal.actions.SelectionUtil.getMavenProject(SelectionUtil.java:258)
	at org.eclipse.m2e.editor.pom.MavenPomEditor.readMavenProject(MavenPomEditor.java:632)
	at org.eclipse.m2e.editor.pom.MavenPomEditor$3.run(MavenPomEditor.java:936)
	at org.eclipse.core.internal.jobs.Worker.run(Worker.java:63)
2022-01-03 15:05:36,646 [Worker-25: Launching Executing test in _home_adrien_Cours_M1_ASI_Projets_demo_monProjet-web] INFO  o.e.m.i.launch.MavenLaunchDelegate - /home/adrien/Cours/M1/ASI/Projets/demo/monProjet-web
2022-01-03 15:05:36,647 [Worker-25: Launching Executing test in _home_adrien_Cours_M1_ASI_Projets_demo_monProjet-web] INFO  o.e.m.i.launch.MavenLaunchDelegate -  mvn -B test
2022-01-03 15:05:53,234 [main] INFO  o.e.m2e.actions.ExecutePomAction - Creating new launch configuration
