2022-01-09 14:13:34,747 INFO  [org.jboss.modules] (main) JBoss Modules version 2.0.0.Final
2022-01-09 14:13:38,400 INFO  [org.jboss.msc] (main) JBoss MSC version 1.4.13.Final
2022-01-09 14:13:38,424 INFO  [org.jboss.threads] (main) JBoss Threads version 2.4.0.Final
2022-01-09 14:13:38,919 INFO  [org.jboss.as] (MSC service thread 1-2) WFLYSRV0049: WildFly Full 26.0.0.Final (WildFly Core 18.0.0.Final) starting
2022-01-09 14:13:38,926 DEBUG [org.jboss.as.config] (MSC service thread 1-2) Configured system properties:
	[Standalone] = 
	awt.toolkit = sun.awt.X11.XToolkit
	file.encoding = UTF-8
	file.separator = /
	java.awt.graphicsenv = sun.awt.X11GraphicsEnvironment
	java.awt.headless = true
	java.awt.printerjob = sun.print.PSPrinterJob
	java.class.path = /home/adrien/Cours/M1/ASI/wildfly-26.0.0.Final/jboss-modules.jar
	java.class.version = 55.0
	java.home = /usr/lib/jvm/java-11-openjdk-amd64
	java.io.tmpdir = /tmp
	java.library.path = /usr/java/packages/lib:/usr/lib/x86_64-linux-gnu/jni:/lib/x86_64-linux-gnu:/usr/lib/x86_64-linux-gnu:/usr/lib/jni:/lib:/usr/lib
	java.net.preferIPv4Stack = true
	java.runtime.name = OpenJDK Runtime Environment
	java.runtime.version = 11.0.13+8-Ubuntu-0ubuntu1.20.04
	java.specification.name = Java Platform API Specification
	java.specification.vendor = Oracle Corporation
	java.specification.version = 11
	java.util.logging.manager = org.jboss.logmanager.LogManager
	java.vendor = Ubuntu
	java.vendor.url = https://ubuntu.com/
	java.vendor.url.bug = https://bugs.launchpad.net/ubuntu/+source/openjdk-lts
	java.version = 11.0.13
	java.version.date = 2021-10-19
	java.vm.compressedOopsMode = 32-bit
	java.vm.info = mixed mode, sharing
	java.vm.name = OpenJDK 64-Bit Server VM
	java.vm.specification.name = Java Virtual Machine Specification
	java.vm.specification.vendor = Oracle Corporation
	java.vm.specification.version = 11
	java.vm.vendor = Ubuntu
	java.vm.version = 11.0.13+8-Ubuntu-0ubuntu1.20.04
	javax.management.builder.initial = org.jboss.as.jmx.PluggableMBeanServerBuilder
	jboss.home.dir = /home/adrien/Cours/M1/ASI/wildfly-26.0.0.Final
	jboss.host.name = ideapad-3
	jboss.modules.dir = /home/adrien/Cours/M1/ASI/wildfly-26.0.0.Final/modules
	jboss.modules.system.pkgs = org.jboss.byteman
	jboss.node.name = ideapad-3
	jboss.qualified.host.name = ideapad-3
	jboss.server.base.dir = /home/adrien/Cours/M1/ASI/wildfly-26.0.0.Final/standalone
	jboss.server.config.dir = /home/adrien/Cours/M1/ASI/wildfly-26.0.0.Final/standalone/configuration
	jboss.server.data.dir = /home/adrien/Cours/M1/ASI/wildfly-26.0.0.Final/standalone/data
	jboss.server.deploy.dir = /home/adrien/Cours/M1/ASI/wildfly-26.0.0.Final/standalone/data/content
	jboss.server.log.dir = /home/adrien/Cours/M1/ASI/wildfly-26.0.0.Final/standalone/log
	jboss.server.name = ideapad-3
	jboss.server.persist.config = true
	jboss.server.temp.dir = /home/adrien/Cours/M1/ASI/wildfly-26.0.0.Final/standalone/tmp
	jdk.debug = release
	line.separator = 

	logging.configuration = file:/home/adrien/Cours/M1/ASI/wildfly-26.0.0.Final/standalone/configuration/logging.properties
	module.path = /home/adrien/Cours/M1/ASI/wildfly-26.0.0.Final/modules
	org.jboss.boot.log.file = /home/adrien/Cours/M1/ASI/wildfly-26.0.0.Final/standalone/log/server.log
	org.jboss.resolver.warning = true
	os.arch = amd64
	os.name = Linux
	os.version = 5.11.0-44-generic
	path.separator = :
	sun.arch.data.model = 64
	sun.boot.library.path = /usr/lib/jvm/java-11-openjdk-amd64/lib
	sun.cpu.endian = little
	sun.cpu.isalist = 
	sun.desktop = gnome
	sun.io.unicode.encoding = UnicodeLittle
	sun.java.command = /home/adrien/Cours/M1/ASI/wildfly-26.0.0.Final/jboss-modules.jar -mp /home/adrien/Cours/M1/ASI/wildfly-26.0.0.Final/modules org.jboss.as.standalone -Djboss.home.dir=/home/adrien/Cours/M1/ASI/wildfly-26.0.0.Final -Djboss.server.base.dir=/home/adrien/Cours/M1/ASI/wildfly-26.0.0.Final/standalone
	sun.java.launcher = SUN_STANDARD
	sun.jnu.encoding = UTF-8
	sun.management.compiler = HotSpot 64-Bit Tiered Compilers
	sun.os.patch.level = unknown
	user.country = FR
	user.dir = /home/adrien/Cours/M1/ASI/wildfly-26.0.0.Final/bin
	user.home = /home/adrien
	user.language = fr
	user.name = adrien
	user.timezone = Europe/Paris
2022-01-09 14:13:38,932 DEBUG [org.jboss.as.config] (MSC service thread 1-2) VM Arguments: -D[Standalone] -Xms64m -Xmx512m -XX:MetaspaceSize=96M -XX:MaxMetaspaceSize=256m -Djava.net.preferIPv4Stack=true -Djboss.modules.system.pkgs=org.jboss.byteman -Djava.awt.headless=true --add-exports=java.desktop/sun.awt=ALL-UNNAMED --add-exports=java.naming/com.sun.jndi.ldap=ALL-UNNAMED --add-opens=java.base/java.lang=ALL-UNNAMED --add-opens=java.base/java.lang.invoke=ALL-UNNAMED --add-opens=java.base/java.lang.reflect=ALL-UNNAMED --add-opens=java.base/java.io=ALL-UNNAMED --add-opens=java.base/java.security=ALL-UNNAMED --add-opens=java.base/java.util=ALL-UNNAMED --add-opens=java.base/java.util.concurrent=ALL-UNNAMED --add-opens=java.management/javax.management=ALL-UNNAMED --add-opens=java.naming/javax.naming=ALL-UNNAMED -Dorg.jboss.boot.log.file=/home/adrien/Cours/M1/ASI/wildfly-26.0.0.Final/standalone/log/server.log -Dlogging.configuration=file:/home/adrien/Cours/M1/ASI/wildfly-26.0.0.Final/standalone/configuration/logging.properties 
2022-01-09 14:13:43,673 INFO  [org.wildfly.security] (ServerService Thread Pool -- 27) ELY00001: WildFly Elytron version 1.18.1.Final
2022-01-09 14:13:46,959 INFO  [org.jboss.as.server] (Controller Boot Thread) WFLYSRV0039: Creating http management service using socket-binding (management-http)
2022-01-09 14:13:47,012 INFO  [org.xnio] (MSC service thread 1-3) XNIO version 3.8.5.Final
2022-01-09 14:13:47,039 INFO  [org.xnio.nio] (MSC service thread 1-3) XNIO NIO Implementation Version 3.8.5.Final
2022-01-09 14:13:47,186 INFO  [org.wildfly.extension.elytron.oidc._private] (ServerService Thread Pool -- 52) WFLYOIDC0001: Activating WildFly Elytron OIDC Subsystem
2022-01-09 14:13:47,214 INFO  [org.jboss.as.clustering.infinispan] (ServerService Thread Pool -- 54) WFLYCLINF0001: Activating Infinispan subsystem.
2022-01-09 14:13:47,225 INFO  [org.jboss.as.jaxrs] (ServerService Thread Pool -- 56) WFLYRS0016: RESTEasy version 4.7.4.Final
2022-01-09 14:13:47,288 INFO  [org.wildfly.extension.health] (ServerService Thread Pool -- 53) WFLYHEALTH0001: Activating Base Health Subsystem
2022-01-09 14:13:47,307 WARN  [org.jboss.as.txn] (ServerService Thread Pool -- 74) WFLYTX0013: The node-identifier attribute on the /subsystem=transactions is set to the default value. This is a danger for environments running multiple servers. Please make sure the attribute value is unique.
2022-01-09 14:13:47,334 INFO  [org.wildfly.extension.microprofile.config.smallrye] (ServerService Thread Pool -- 64) WFLYCONF0001: Activating MicroProfile Config Subsystem
2022-01-09 14:13:47,351 INFO  [org.wildfly.extension.io] (ServerService Thread Pool -- 55) WFLYIO001: Worker 'default' has auto-configured to 16 IO threads with 128 max task threads based on your 8 available processors
2022-01-09 14:13:47,357 INFO  [org.wildfly.extension.microprofile.jwt.smallrye] (ServerService Thread Pool -- 65) WFLYJWT0001: Activating MicroProfile JWT Subsystem
2022-01-09 14:13:47,375 INFO  [org.jboss.as.webservices] (ServerService Thread Pool -- 76) WFLYWS0002: Activating WebServices Extension
2022-01-09 14:13:47,383 INFO  [org.jboss.as.naming] (ServerService Thread Pool -- 67) WFLYNAM0001: Activating Naming Subsystem
2022-01-09 14:13:47,395 INFO  [org.wildfly.extension.metrics] (ServerService Thread Pool -- 63) WFLYMETRICS0001: Activating Base Metrics Subsystem
2022-01-09 14:13:47,398 INFO  [org.jboss.as.jsf] (ServerService Thread Pool -- 61) WFLYJSF0007: Activated the following Jakarta Server Faces Implementations: [main]
2022-01-09 14:13:47,402 INFO  [org.jboss.remoting] (MSC service thread 1-8) JBoss Remoting version 5.0.23.Final
2022-01-09 14:13:47,433 INFO  [org.jboss.as.connector.subsystems.datasources] (ServerService Thread Pool -- 44) WFLYJCA0004: Deploying JDBC-compliant driver class org.h2.Driver (version 1.4)
2022-01-09 14:13:47,440 INFO  [org.jboss.as.connector.deployers.jdbc] (MSC service thread 1-6) WFLYJCA0018: Started Driver service with driver-name = h2
2022-01-09 14:13:47,457 INFO  [org.wildfly.extension.microprofile.opentracing] (ServerService Thread Pool -- 66) WFLYTRACEXT0001: Activating MicroProfile OpenTracing Subsystem
2022-01-09 14:13:47,454 INFO  [org.jboss.as.connector] (MSC service thread 1-4) WFLYJCA0009: Starting Jakarta Connectors Subsystem (WildFly/IronJacamar 1.5.3.Final)
2022-01-09 14:13:47,471 INFO  [org.jboss.as.naming] (MSC service thread 1-7) WFLYNAM0003: Starting Naming Service
2022-01-09 14:13:47,477 INFO  [org.jboss.as.mail.extension] (MSC service thread 1-7) WFLYMAIL0001: Bound mail session [java:jboss/mail/Default]
2022-01-09 14:13:48,006 WARN  [org.wildfly.extension.elytron] (MSC service thread 1-4) WFLYELY00023: KeyStore file '/home/adrien/Cours/M1/ASI/wildfly-26.0.0.Final/standalone/configuration/application.keystore' does not exist. Used blank.
2022-01-09 14:13:48,021 WARN  [org.wildfly.extension.elytron] (MSC service thread 1-7) WFLYELY01084: KeyStore /home/adrien/Cours/M1/ASI/wildfly-26.0.0.Final/standalone/configuration/application.keystore not found, it will be auto generated on first use with a self-signed certificate for host localhost
2022-01-09 14:13:48,319 INFO  [org.wildfly.extension.undertow] (MSC service thread 1-4) WFLYUT0003: Undertow 2.2.14.Final starting
2022-01-09 14:13:49,112 INFO  [org.wildfly.extension.undertow] (ServerService Thread Pool -- 75) WFLYUT0014: Creating file handler for path '/home/adrien/Cours/M1/ASI/wildfly-26.0.0.Final/welcome-content' with options [directory-listing: 'false', follow-symlink: 'false', case-sensitive: 'true', safe-symlink-paths: '[]']
2022-01-09 14:13:49,164 INFO  [org.jboss.as.ejb3] (MSC service thread 1-2) WFLYEJB0493: Jakarta Enterprise Beans subsystem suspension complete
2022-01-09 14:13:49,124 INFO  [org.jboss.as.ejb3] (MSC service thread 1-6) WFLYEJB0482: Strict pool mdb-strict-max-pool is using a max instance size of 32 (per class), which is derived from the number of CPUs on this host.
2022-01-09 14:13:49,123 INFO  [org.jboss.as.ejb3] (MSC service thread 1-8) WFLYEJB0481: Strict pool slsb-strict-max-pool is using a max instance size of 128 (per class), which is derived from thread worker pool sizing.
2022-01-09 14:13:49,122 INFO  [org.wildfly.extension.undertow] (MSC service thread 1-5) WFLYUT0012: Started server default-server.
2022-01-09 14:13:49,512 INFO  [org.wildfly.extension.undertow] (MSC service thread 1-1) Queuing requests.
2022-01-09 14:13:49,519 INFO  [org.wildfly.extension.undertow] (MSC service thread 1-1) WFLYUT0018: Host default-host starting
2022-01-09 14:13:49,685 INFO  [org.wildfly.extension.undertow] (MSC service thread 1-5) WFLYUT0006: Undertow HTTP listener default listening on 127.0.0.1:8080
2022-01-09 14:13:49,761 INFO  [org.jboss.as.connector.subsystems.datasources] (MSC service thread 1-2) WFLYJCA0001: Bound data source [java:jboss/datasources/ExampleDS]
2022-01-09 14:13:49,799 INFO  [org.wildfly.extension.undertow] (MSC service thread 1-8) WFLYUT0006: Undertow HTTPS listener https listening on 127.0.0.1:8443
2022-01-09 14:13:50,013 INFO  [org.jboss.as.patching] (MSC service thread 1-6) WFLYPAT0050: WildFly Full cumulative patch ID is: base, one-off patches include: none
2022-01-09 14:13:50,075 INFO  [org.jboss.as.server.deployment.scanner] (MSC service thread 1-8) WFLYDS0013: Started FileSystemDeploymentService for directory /home/adrien/Cours/M1/ASI/wildfly-26.0.0.Final/standalone/deployments
2022-01-09 14:13:50,298 INFO  [org.jboss.ws.common.management] (MSC service thread 1-4) JBWS022052: Starting JBossWS 5.4.4.Final (Apache CXF 3.4.5) 
2022-01-09 14:13:50,665 INFO  [org.jboss.as.server] (Controller Boot Thread) WFLYSRV0212: Resuming server
2022-01-09 14:13:50,672 INFO  [org.jboss.as] (Controller Boot Thread) WFLYSRV0025: WildFly Full 26.0.0.Final (WildFly Core 18.0.0.Final) started in 18847ms - Started 298 of 538 services (337 services are lazy, passive or on-demand)
2022-01-09 14:13:50,678 INFO  [org.jboss.as] (Controller Boot Thread) WFLYSRV0060: Http management interface listening on http://127.0.0.1:9990/management
2022-01-09 14:13:50,679 INFO  [org.jboss.as] (Controller Boot Thread) WFLYSRV0051: Admin console listening on http://127.0.0.1:9990
2022-01-09 14:14:00,131 INFO  [org.jboss.as.server.deployment] (MSC service thread 1-1) WFLYSRV0027: Starting deployment of "Projet.war" (runtime-name: "Projet.war")
2022-01-09 14:14:02,160 INFO  [org.jboss.weld.deployer] (MSC service thread 1-6) WFLYWELD0003: Processing weld deployment Projet.war
2022-01-09 14:14:02,549 INFO  [org.hibernate.validator.internal.util.Version] (MSC service thread 1-6) HV000001: Hibernate Validator 6.0.22.Final
2022-01-09 14:14:02,970 INFO  [org.jboss.as.ejb3.deployment] (MSC service thread 1-6) WFLYEJB0473: JNDI bindings for session bean named 'Hello' in deployment unit 'deployment "Projet.war"' are as follows:

	java:global/Projet/Hello!HelloRemote
	java:app/Projet/Hello!HelloRemote
	java:module/Hello!HelloRemote
	java:jboss/exported/Projet/Hello!HelloRemote
	ejb:/Projet/Hello!HelloRemote
	java:global/Projet/Hello!Hello
	java:app/Projet/Hello!Hello
	java:module/Hello!Hello

2022-01-09 14:14:03,662 INFO  [io.jaegertracing.internal.JaegerTracer] (MSC service thread 1-6) No shutdown hook registered: Please call close() manually on application shutdown.
2022-01-09 14:14:03,667 INFO  [org.wildfly.microprofile.opentracing.smallrye] (MSC service thread 1-6) WFLYTRAC0001: Tracer initialized: JaegerTracer(version=Java-1.6.0, serviceName=Projet.war, reporter=RemoteReporter(sender=org.wildfly.extension.microprofile.opentracing.spi.sender.WildFlySender@5d7c29eb, closeEnqueueTimeout=1000), sampler=ConstSampler(decision=true, tags={sampler.type=const, sampler.param=true}), tags={hostname=ideapad-3, jaeger.version=Java-1.6.0, ip=192.168.1.37}, zipkinSharedRpcSpan=false, expandExceptionLogs=false, useTraceId128Bit=false)
2022-01-09 14:14:04,061 INFO  [org.jboss.weld.Version] (MSC service thread 1-5) WELD-000900: 3.1.8 (Final)
2022-01-09 14:14:04,773 INFO  [org.infinispan.CONTAINER] (ServerService Thread Pool -- 27) ISPN000128: Infinispan version: Infinispan 'Taedonggang' 12.1.7.Final
2022-01-09 14:14:05,129 INFO  [org.infinispan.CONFIG] (MSC service thread 1-6) ISPN000152: Passivation configured without an eviction policy being selected. Only manually evicted entities will be passivated.
2022-01-09 14:14:05,133 INFO  [org.infinispan.CONFIG] (MSC service thread 1-6) ISPN000152: Passivation configured without an eviction policy being selected. Only manually evicted entities will be passivated.
2022-01-09 14:14:05,212 INFO  [org.infinispan.CONTAINER] (ServerService Thread Pool -- 27) ISPN000556: Starting user marshaller 'org.wildfly.clustering.infinispan.spi.marshalling.InfinispanProtoStreamMarshaller'
2022-01-09 14:14:05,527 INFO  [org.infinispan.CONTAINER] (ServerService Thread Pool -- 27) ISPN000025: wakeUpInterval is <= 0, not starting expired purge thread
2022-01-09 14:14:05,620 INFO  [org.jboss.as.clustering.infinispan] (ServerService Thread Pool -- 27) WFLYCLINF0002: Started http-remoting-connector cache from ejb container
2022-01-09 14:14:06,642 INFO  [org.jboss.weld.Bean] (Weld Thread Pool -- 8) WELD-001571: Proxy for class Hello created in org.jboss.weld.generated.proxies.default because the class package is null or empty.
2022-01-09 14:14:07,110 INFO  [org.wildfly.extension.undertow] (ServerService Thread Pool -- 27) WFLYUT0021: Registered web context: '/Projet' for server 'default-server'
2022-01-09 14:14:07,157 INFO  [org.jboss.as.server] (management-handler-thread - 1) WFLYSRV0010: Deployed "Projet.war" (runtime-name : "Projet.war")
2022-01-09 14:14:41,746 INFO  [org.wildfly.extension.undertow] (ServerService Thread Pool -- 27) WFLYUT0022: Unregistered web context: '/Projet' from server 'default-server'
2022-01-09 14:14:43,448 INFO  [org.jboss.as.server.deployment] (MSC service thread 1-7) WFLYSRV0028: Stopped deployment Projet.war (runtime-name: Projet.war) in 1801ms
2022-01-09 14:14:43,902 INFO  [org.jboss.as.server] (management-handler-thread - 1) WFLYSRV0009: Undeployed "Projet.war" (runtime-name: "Projet.war")
2022-01-09 14:14:44,485 INFO  [org.jboss.as.server] (management-handler-thread - 1) WFLYSRV0272: Suspending server
2022-01-09 14:14:44,698 INFO  [org.jboss.as.ejb3] (management-handler-thread - 1) WFLYEJB0493: Jakarta Enterprise Beans subsystem suspension complete
2022-01-09 14:14:44,712 INFO  [org.jboss.as.server] (Management Triggered Shutdown) WFLYSRV0241: Shutting down in response to management operation 'shutdown'
2022-01-09 14:14:45,017 INFO  [org.wildfly.extension.undertow] (MSC service thread 1-3) WFLYUT0019: Host default-host stopping
2022-01-09 14:14:45,019 INFO  [org.jboss.as.mail.extension] (MSC service thread 1-3) WFLYMAIL0002: Unbound mail session [java:jboss/mail/Default]
2022-01-09 14:14:45,032 INFO  [org.jboss.as.connector.subsystems.datasources] (MSC service thread 1-7) WFLYJCA0010: Unbound data source [java:jboss/datasources/ExampleDS]
2022-01-09 14:14:45,071 INFO  [org.wildfly.extension.undertow] (MSC service thread 1-5) WFLYUT0008: Undertow HTTPS listener https suspending
2022-01-09 14:14:45,075 INFO  [org.wildfly.extension.undertow] (MSC service thread 1-5) WFLYUT0007: Undertow HTTPS listener https stopped, was bound to 127.0.0.1:8443
2022-01-09 14:14:45,147 INFO  [org.jboss.as.connector.deployers.jdbc] (MSC service thread 1-7) WFLYJCA0019: Stopped Driver service with driver-name = h2
2022-01-09 14:14:45,156 INFO  [org.wildfly.extension.undertow] (MSC service thread 1-6) WFLYUT0008: Undertow HTTP listener default suspending
2022-01-09 14:14:45,160 INFO  [org.wildfly.extension.undertow] (MSC service thread 1-6) WFLYUT0007: Undertow HTTP listener default stopped, was bound to 127.0.0.1:8080
2022-01-09 14:14:45,197 INFO  [org.jboss.as.clustering.infinispan] (ServerService Thread Pool -- 81) WFLYCLINF0003: Stopped http-remoting-connector cache from ejb container
2022-01-09 14:14:45,210 INFO  [org.infinispan.manager.DefaultCacheManager] (ServerService Thread Pool -- 81) Stopping cache manager null on null
2022-01-09 14:14:45,210 INFO  [org.wildfly.extension.undertow] (MSC service thread 1-8) WFLYUT0004: Undertow 2.2.14.Final stopping
2022-01-09 14:14:45,359 INFO  [org.jboss.as] (MSC service thread 1-8) WFLYSRV0050: WildFly Full 26.0.0.Final (WildFly Core 18.0.0.Final) stopped in 442ms
